<?xml version="1.0" encoding="UTF-8"?>
<!-- Generated by org.testng.reporters.JUnitReportReporter -->
<testsuite skipped="0" hostname="INGSSAHOOS17L1C" name="test.testauto.testcases.TC_MC_LoginLogout" tests="1" failures="0" timestamp="09 Nov 2017 14:47:34 GMT" time="11.876" errors="0">
  <testcase name="MC_Login_PoC_WebPart" time="11.876" classname="test.testauto.testcases.TC_MC_LoginLogout"/>
</testsuite> <!-- test.testauto.testcases.TC_MC_LoginLogout -->
